[ 2015-03-31T17:02:27+08:00 ] 127.0.0.1 /chouchouhua/
INFO: [ app_init ] --START--
INFO: Run Behavior\BuildLiteBehavior [ RunTime:0.000017s ]
INFO: [ app_init ] --END-- [ RunTime:0.001060s ]
INFO: [ app_begin ] --START--
INFO: Run Behavior\ReadHtmlCacheBehavior [ RunTime:0.019863s ]
INFO: [ app_begin ] --END-- [ RunTime:0.020008s ]
SQL: SHOW COLUMNS FROM `chouchouhua_user` [ RunTime:0.040150s ]
SQL: SHOW COLUMNS FROM `chouchouhua_pic` [ RunTime:0.004372s ]
SQL: SHOW COLUMNS FROM `chouchouhua_piccomment` [ RunTime:0.004452s ]
NOTIC: [2] Missing argument 1 for Think\Controller::show(), called in G:\development\php\chouchouhua\Application\Home\Controller\IndexController.class.php on line 26 and defined G:\development\php\chouchouhua\ThinkPHP\Library\Think\Controller.class.php 第 68 行.
NOTIC: [8] Undefined variable: content G:\development\php\chouchouhua\ThinkPHP\Library\Think\Controller.class.php 第 69 行.
INFO: [ view_parse ] --START--
INFO: [ template_filter ] --START--
INFO: Run Behavior\ContentReplaceBehavior [ RunTime:0.000130s ]
INFO: [ template_filter ] --END-- [ RunTime:0.000214s ]
INFO: Run Behavior\ParseTemplateBehavior [ RunTime:0.091900s ]
INFO: [ view_parse ] --END-- [ RunTime:0.091991s ]
INFO: [ view_filter ] --START--
INFO: Run Behavior\WriteHtmlCacheBehavior [ RunTime:0.018301s ]
INFO: [ view_filter ] --END-- [ RunTime:0.018383s ]
INFO: [ app_end ] --START--
INFO: Run Behavior\ShowPageTraceBehavior [ RunTime:0.015126s ]
INFO: [ app_end ] --END-- [ RunTime:0.015270s ]

