[ 2015-06-24T16:48:55+08:00 ] 127.0.0.1 /chouchouhua/
INFO: [ app_init ] --START--
INFO: Run Behavior\BuildLiteBehavior [ RunTime:0.000022s ]
INFO: [ app_init ] --END-- [ RunTime:0.002189s ]
INFO: [ app_begin ] --START--
INFO: Run Behavior\ReadHtmlCacheBehavior [ RunTime:0.018232s ]
INFO: [ app_begin ] --END-- [ RunTime:0.018331s ]
SQL: SHOW COLUMNS FROM `chouchouhua_user` [ RunTime:0.034442s ]
SQL: SHOW COLUMNS FROM `chouchouhua_pic` [ RunTime:0.013324s ]
SQL: SHOW COLUMNS FROM `chouchouhua_piccomment` [ RunTime:0.006084s ]

[ 2015-06-24T16:48:55+08:00 ] 127.0.0.1 /chouchouhua/index.php/Home/Index/login.html
INFO: [ app_init ] --START--
INFO: Run Behavior\BuildLiteBehavior [ RunTime:0.000013s ]
INFO: [ app_init ] --END-- [ RunTime:0.000147s ]
INFO: [ app_begin ] --START--
INFO: Run Behavior\ReadHtmlCacheBehavior [ RunTime:0.000207s ]
INFO: [ app_begin ] --END-- [ RunTime:0.000311s ]
SQL: SHOW COLUMNS FROM `chouchouhua_user` [ RunTime:0.003724s ]
SQL: SHOW COLUMNS FROM `chouchouhua_pic` [ RunTime:0.003433s ]
SQL: SHOW COLUMNS FROM `chouchouhua_piccomment` [ RunTime:0.003357s ]
INFO: [ view_parse ] --START--
INFO: [ template_filter ] --START--
INFO: Run Behavior\ContentReplaceBehavior [ RunTime:0.000080s ]
INFO: [ template_filter ] --END-- [ RunTime:0.000157s ]
INFO: Run Behavior\ParseTemplateBehavior [ RunTime:0.116866s ]
INFO: [ view_parse ] --END-- [ RunTime:0.116954s ]
INFO: [ view_filter ] --START--
INFO: Run Behavior\WriteHtmlCacheBehavior [ RunTime:0.001149s ]
INFO: [ view_filter ] --END-- [ RunTime:0.001206s ]
INFO: [ app_end ] --START--
INFO: Run Behavior\ShowPageTraceBehavior [ RunTime:0.004000s ]
INFO: [ app_end ] --END-- [ RunTime:0.004094s ]

[ 2015-06-24T16:49:00+08:00 ] 127.0.0.1 /chouchouhua/index.php/Home/Index/checkLogin
INFO: [ app_init ] --START--
INFO: Run Behavior\BuildLiteBehavior [ RunTime:0.000017s ]
INFO: [ app_init ] --END-- [ RunTime:0.000127s ]
INFO: [ app_begin ] --START--
INFO: Run Behavior\ReadHtmlCacheBehavior [ RunTime:0.000091s ]
INFO: [ app_begin ] --END-- [ RunTime:0.000142s ]
SQL: SHOW COLUMNS FROM `chouchouhua_user` [ RunTime:0.004470s ]
SQL: SHOW COLUMNS FROM `chouchouhua_pic` [ RunTime:0.003917s ]
SQL: SHOW COLUMNS FROM `chouchouhua_piccomment` [ RunTime:0.005317s ]
SQL: SELECT * FROM `chouchouhua_user` WHERE ( `username` = '' ) AND ( `password` = '' ) LIMIT 1   [ RunTime:0.349219s ]

[ 2015-06-24T16:49:08+08:00 ] 127.0.0.1 /chouchouhua/index.php/Home/Index/login.html
INFO: [ app_init ] --START--
INFO: Run Behavior\BuildLiteBehavior [ RunTime:0.000015s ]
INFO: [ app_init ] --END-- [ RunTime:0.000159s ]
INFO: [ app_begin ] --START--
INFO: Run Behavior\ReadHtmlCacheBehavior [ RunTime:0.000087s ]
INFO: [ app_begin ] --END-- [ RunTime:0.000135s ]
SQL: SHOW COLUMNS FROM `chouchouhua_user` [ RunTime:0.003095s ]
SQL: SHOW COLUMNS FROM `chouchouhua_pic` [ RunTime:0.003420s ]
SQL: SHOW COLUMNS FROM `chouchouhua_piccomment` [ RunTime:0.003032s ]
INFO: [ view_parse ] --START--
INFO: [ template_filter ] --START--
INFO: Run Behavior\ContentReplaceBehavior [ RunTime:0.000092s ]
INFO: [ template_filter ] --END-- [ RunTime:0.000169s ]
INFO: Run Behavior\ParseTemplateBehavior [ RunTime:0.006572s ]
INFO: [ view_parse ] --END-- [ RunTime:0.006676s ]
INFO: [ view_filter ] --START--
INFO: Run Behavior\WriteHtmlCacheBehavior [ RunTime:0.000107s ]
INFO: [ view_filter ] --END-- [ RunTime:0.000154s ]
INFO: [ app_end ] --START--
INFO: Run Behavior\ShowPageTraceBehavior [ RunTime:0.000082s ]
INFO: [ app_end ] --END-- [ RunTime:0.000127s ]

