[ 2015-05-19T08:17:55+08:00 ] 202.4.136.249 /chouchouhua/
INFO: [ app_init ] --START--
INFO: Run Behavior\BuildLiteBehavior [ RunTime:0.000016s ]
INFO: [ app_init ] --END-- [ RunTime:0.001035s ]
INFO: [ app_begin ] --START--
INFO: Run Behavior\ReadHtmlCacheBehavior [ RunTime:0.020359s ]
INFO: [ app_begin ] --END-- [ RunTime:0.020443s ]
SQL: SHOW COLUMNS FROM `chouchouhua_user` [ RunTime:0.040053s ]
SQL: SHOW COLUMNS FROM `chouchouhua_pic` [ RunTime:0.020089s ]
SQL: SHOW COLUMNS FROM `chouchouhua_piccomment` [ RunTime:0.011606s ]

[ 2015-05-19T08:17:55+08:00 ] 202.4.136.249 /chouchouhua/index.php/Home/Index/login.html
INFO: [ app_init ] --START--
INFO: Run Behavior\BuildLiteBehavior [ RunTime:0.000014s ]
INFO: [ app_init ] --END-- [ RunTime:0.000091s ]
INFO: [ app_begin ] --START--
INFO: Run Behavior\ReadHtmlCacheBehavior [ RunTime:0.000066s ]
INFO: [ app_begin ] --END-- [ RunTime:0.000114s ]
SQL: SHOW COLUMNS FROM `chouchouhua_user` [ RunTime:0.001855s ]
SQL: SHOW COLUMNS FROM `chouchouhua_pic` [ RunTime:0.001851s ]
SQL: SHOW COLUMNS FROM `chouchouhua_piccomment` [ RunTime:0.001699s ]
INFO: [ view_parse ] --START--
INFO: [ template_filter ] --START--
INFO: Run Behavior\ContentReplaceBehavior [ RunTime:0.000084s ]
INFO: [ template_filter ] --END-- [ RunTime:0.000162s ]
INFO: Run Behavior\ParseTemplateBehavior [ RunTime:0.170263s ]
INFO: [ view_parse ] --END-- [ RunTime:0.170348s ]
INFO: [ view_filter ] --START--
INFO: Run Behavior\WriteHtmlCacheBehavior [ RunTime:0.014351s ]
INFO: [ view_filter ] --END-- [ RunTime:0.014426s ]
INFO: [ app_end ] --START--
INFO: Run Behavior\ShowPageTraceBehavior [ RunTime:0.001511s ]
INFO: [ app_end ] --END-- [ RunTime:0.001570s ]

