[ 2015-03-12T10:36:01+08:00 ] 127.0.0.1 /chouchouhua/index.php/Home/Index/index
INFO: [ app_init ] --START--
INFO: Run Behavior\BuildLiteBehavior [ RunTime:0.000014s ]
INFO: [ app_init ] --END-- [ RunTime:0.000211s ]
INFO: [ app_begin ] --START--
INFO: Run Behavior\ReadHtmlCacheBehavior [ RunTime:0.000121s ]
INFO: [ app_begin ] --END-- [ RunTime:0.000172s ]
SQL: SHOW COLUMNS FROM `chouchouhua_user` [ RunTime:0.002133s ]
SQL: SHOW COLUMNS FROM `chouchouhua_pic` [ RunTime:0.002798s ]
SQL: SHOW COLUMNS FROM `chouchouhua_piccomment` [ RunTime:0.002818s ]
NOTIC: [2] Missing argument 1 for Think\Controller::show(), called in G:\development\php\chouchouhua\Application\Home\Controller\IndexController.class.php on line 26 and defined G:\development\php\chouchouhua\ThinkPHP\Library\Think\Controller.class.php 第 68 行.
NOTIC: [8] Undefined variable: content G:\development\php\chouchouhua\ThinkPHP\Library\Think\Controller.class.php 第 69 行.
INFO: [ view_parse ] --START--
INFO: [ template_filter ] --START--
INFO: Run Behavior\ContentReplaceBehavior [ RunTime:0.000324s ]
INFO: [ template_filter ] --END-- [ RunTime:0.000384s ]
INFO: Run Behavior\ParseTemplateBehavior [ RunTime:0.006818s ]
INFO: [ view_parse ] --END-- [ RunTime:0.006887s ]
INFO: [ view_filter ] --START--
INFO: Run Behavior\WriteHtmlCacheBehavior [ RunTime:0.000131s ]
INFO: [ view_filter ] --END-- [ RunTime:0.000176s ]
INFO: [ app_end ] --START--
INFO: Run Behavior\ShowPageTraceBehavior [ RunTime:0.000121s ]
INFO: [ app_end ] --END-- [ RunTime:0.000167s ]

[ 2015-03-12T10:36:40+08:00 ] 127.0.0.1 /chouchouhua/index.php/Home/Index/index
INFO: [ app_init ] --START--
INFO: Run Behavior\BuildLiteBehavior [ RunTime:0.000015s ]
INFO: [ app_init ] --END-- [ RunTime:0.000155s ]
INFO: [ app_begin ] --START--
INFO: Run Behavior\ReadHtmlCacheBehavior [ RunTime:0.000118s ]
INFO: [ app_begin ] --END-- [ RunTime:0.000170s ]
SQL: SHOW COLUMNS FROM `chouchouhua_user` [ RunTime:0.001900s ]
SQL: SHOW COLUMNS FROM `chouchouhua_pic` [ RunTime:0.001852s ]
SQL: SHOW COLUMNS FROM `chouchouhua_piccomment` [ RunTime:0.001750s ]
NOTIC: [2] Missing argument 1 for Think\Controller::show(), called in G:\development\php\chouchouhua\Application\Home\Controller\IndexController.class.php on line 26 and defined G:\development\php\chouchouhua\ThinkPHP\Library\Think\Controller.class.php 第 68 行.
NOTIC: [8] Undefined variable: content G:\development\php\chouchouhua\ThinkPHP\Library\Think\Controller.class.php 第 69 行.
INFO: [ view_parse ] --START--
INFO: [ template_filter ] --START--
INFO: Run Behavior\ContentReplaceBehavior [ RunTime:0.000179s ]
INFO: [ template_filter ] --END-- [ RunTime:0.000254s ]
INFO: Run Behavior\ParseTemplateBehavior [ RunTime:0.006496s ]
INFO: [ view_parse ] --END-- [ RunTime:0.006558s ]
INFO: [ view_filter ] --START--
INFO: Run Behavior\WriteHtmlCacheBehavior [ RunTime:0.000133s ]
INFO: [ view_filter ] --END-- [ RunTime:0.000177s ]
INFO: [ app_end ] --START--
INFO: Run Behavior\ShowPageTraceBehavior [ RunTime:0.000127s ]
INFO: [ app_end ] --END-- [ RunTime:0.000255s ]

[ 2015-03-12T10:38:08+08:00 ] 127.0.0.1 /chouchouhua/index.php/Home/Index/index
INFO: [ app_init ] --START--
INFO: Run Behavior\BuildLiteBehavior [ RunTime:0.000014s ]
INFO: [ app_init ] --END-- [ RunTime:0.000153s ]
INFO: [ app_begin ] --START--
INFO: Run Behavior\ReadHtmlCacheBehavior [ RunTime:0.000115s ]
INFO: [ app_begin ] --END-- [ RunTime:0.000166s ]
SQL: SHOW COLUMNS FROM `chouchouhua_user` [ RunTime:0.002220s ]
SQL: SHOW COLUMNS FROM `chouchouhua_pic` [ RunTime:0.002142s ]
SQL: SHOW COLUMNS FROM `chouchouhua_piccomment` [ RunTime:0.002017s ]
NOTIC: [2] Missing argument 1 for Think\Controller::show(), called in G:\development\php\chouchouhua\Application\Home\Controller\IndexController.class.php on line 26 and defined G:\development\php\chouchouhua\ThinkPHP\Library\Think\Controller.class.php 第 68 行.
NOTIC: [8] Undefined variable: content G:\development\php\chouchouhua\ThinkPHP\Library\Think\Controller.class.php 第 69 行.
INFO: [ view_parse ] --START--
INFO: [ template_filter ] --START--
INFO: Run Behavior\ContentReplaceBehavior [ RunTime:0.000130s ]
INFO: [ template_filter ] --END-- [ RunTime:0.000186s ]
INFO: Run Behavior\ParseTemplateBehavior [ RunTime:0.006419s ]
INFO: [ view_parse ] --END-- [ RunTime:0.006500s ]
INFO: [ view_filter ] --START--
INFO: Run Behavior\WriteHtmlCacheBehavior [ RunTime:0.000153s ]
INFO: [ view_filter ] --END-- [ RunTime:0.000197s ]
INFO: [ app_end ] --START--
INFO: Run Behavior\ShowPageTraceBehavior [ RunTime:0.000123s ]
INFO: [ app_end ] --END-- [ RunTime:0.000169s ]

[ 2015-03-12T10:40:08+08:00 ] 127.0.0.1 /chouchouhua/index.php/Home/Index/index
INFO: [ app_init ] --START--
INFO: Run Behavior\BuildLiteBehavior [ RunTime:0.000014s ]
INFO: [ app_init ] --END-- [ RunTime:0.000154s ]
INFO: [ app_begin ] --START--
INFO: Run Behavior\ReadHtmlCacheBehavior [ RunTime:0.000117s ]
INFO: [ app_begin ] --END-- [ RunTime:0.000166s ]
SQL: SHOW COLUMNS FROM `chouchouhua_user` [ RunTime:0.001972s ]
SQL: SHOW COLUMNS FROM `chouchouhua_pic` [ RunTime:0.001766s ]
SQL: SHOW COLUMNS FROM `chouchouhua_piccomment` [ RunTime:0.001707s ]
NOTIC: [2] Missing argument 1 for Think\Controller::show(), called in G:\development\php\chouchouhua\Application\Home\Controller\IndexController.class.php on line 26 and defined G:\development\php\chouchouhua\ThinkPHP\Library\Think\Controller.class.php 第 68 行.
NOTIC: [8] Undefined variable: content G:\development\php\chouchouhua\ThinkPHP\Library\Think\Controller.class.php 第 69 行.
INFO: [ view_parse ] --START--
INFO: [ template_filter ] --START--
INFO: Run Behavior\ContentReplaceBehavior [ RunTime:0.000163s ]
INFO: [ template_filter ] --END-- [ RunTime:0.000242s ]
INFO: Run Behavior\ParseTemplateBehavior [ RunTime:0.006834s ]
INFO: [ view_parse ] --END-- [ RunTime:0.006910s ]
INFO: [ view_filter ] --START--
INFO: Run Behavior\WriteHtmlCacheBehavior [ RunTime:0.000150s ]
INFO: [ view_filter ] --END-- [ RunTime:0.000195s ]
INFO: [ app_end ] --START--
INFO: Run Behavior\ShowPageTraceBehavior [ RunTime:0.000123s ]
INFO: [ app_end ] --END-- [ RunTime:0.000169s ]

[ 2015-03-12T10:41:30+08:00 ] 127.0.0.1 /chouchouhua/index.php/Home/Index/index
INFO: [ app_init ] --START--
INFO: Run Behavior\BuildLiteBehavior [ RunTime:0.000015s ]
INFO: [ app_init ] --END-- [ RunTime:0.000157s ]
INFO: [ app_begin ] --START--
INFO: Run Behavior\ReadHtmlCacheBehavior [ RunTime:0.000120s ]
INFO: [ app_begin ] --END-- [ RunTime:0.000170s ]
SQL: SHOW COLUMNS FROM `chouchouhua_user` [ RunTime:0.002092s ]
SQL: SHOW COLUMNS FROM `chouchouhua_pic` [ RunTime:0.002067s ]
SQL: SHOW COLUMNS FROM `chouchouhua_piccomment` [ RunTime:0.001769s ]
NOTIC: [2] Missing argument 1 for Think\Controller::show(), called in G:\development\php\chouchouhua\Application\Home\Controller\IndexController.class.php on line 26 and defined G:\development\php\chouchouhua\ThinkPHP\Library\Think\Controller.class.php 第 68 行.
NOTIC: [8] Undefined variable: content G:\development\php\chouchouhua\ThinkPHP\Library\Think\Controller.class.php 第 69 行.
INFO: [ view_parse ] --START--
INFO: [ template_filter ] --START--
INFO: Run Behavior\ContentReplaceBehavior [ RunTime:0.000181s ]
INFO: [ template_filter ] --END-- [ RunTime:0.000241s ]
INFO: Run Behavior\ParseTemplateBehavior [ RunTime:0.006541s ]
INFO: [ view_parse ] --END-- [ RunTime:0.006603s ]
INFO: [ view_filter ] --START--
INFO: Run Behavior\WriteHtmlCacheBehavior [ RunTime:0.000128s ]
INFO: [ view_filter ] --END-- [ RunTime:0.000171s ]
INFO: [ app_end ] --START--
INFO: Run Behavior\ShowPageTraceBehavior [ RunTime:0.000142s ]
INFO: [ app_end ] --END-- [ RunTime:0.000191s ]

[ 2015-03-12T10:41:39+08:00 ] 127.0.0.1 /chouchouhua/index.php/Home/Index/index
INFO: [ app_init ] --START--
INFO: Run Behavior\BuildLiteBehavior [ RunTime:0.000014s ]
INFO: [ app_init ] --END-- [ RunTime:0.000114s ]
INFO: [ app_begin ] --START--
INFO: Run Behavior\ReadHtmlCacheBehavior [ RunTime:0.000078s ]
INFO: [ app_begin ] --END-- [ RunTime:0.000127s ]
SQL: SHOW COLUMNS FROM `chouchouhua_user` [ RunTime:0.002062s ]
SQL: SHOW COLUMNS FROM `chouchouhua_pic` [ RunTime:0.001800s ]
SQL: SHOW COLUMNS FROM `chouchouhua_piccomment` [ RunTime:0.001861s ]
NOTIC: [2] Missing argument 1 for Think\Controller::show(), called in G:\development\php\chouchouhua\Application\Home\Controller\IndexController.class.php on line 26 and defined G:\development\php\chouchouhua\ThinkPHP\Library\Think\Controller.class.php 第 68 行.
NOTIC: [8] Undefined variable: content G:\development\php\chouchouhua\ThinkPHP\Library\Think\Controller.class.php 第 69 行.
INFO: [ view_parse ] --START--
INFO: [ template_filter ] --START--
INFO: Run Behavior\ContentReplaceBehavior [ RunTime:0.000136s ]
INFO: [ template_filter ] --END-- [ RunTime:0.000211s ]
INFO: Run Behavior\ParseTemplateBehavior [ RunTime:0.006451s ]
INFO: [ view_parse ] --END-- [ RunTime:0.006529s ]
INFO: [ view_filter ] --START--
INFO: Run Behavior\WriteHtmlCacheBehavior [ RunTime:0.000137s ]
INFO: [ view_filter ] --END-- [ RunTime:0.000180s ]
INFO: [ app_end ] --START--
INFO: Run Behavior\ShowPageTraceBehavior [ RunTime:0.000080s ]
INFO: [ app_end ] --END-- [ RunTime:0.000124s ]

[ 2015-03-12T10:42:18+08:00 ] 127.0.0.1 /chouchouhua/index.php/Home/Index/index
INFO: [ app_init ] --START--
INFO: Run Behavior\BuildLiteBehavior [ RunTime:0.000014s ]
INFO: [ app_init ] --END-- [ RunTime:0.000112s ]
INFO: [ app_begin ] --START--
INFO: Run Behavior\ReadHtmlCacheBehavior [ RunTime:0.000075s ]
INFO: [ app_begin ] --END-- [ RunTime:0.000123s ]
SQL: SHOW COLUMNS FROM `chouchouhua_user` [ RunTime:0.001880s ]
SQL: SHOW COLUMNS FROM `chouchouhua_pic` [ RunTime:0.001945s ]
SQL: SHOW COLUMNS FROM `chouchouhua_piccomment` [ RunTime:0.001669s ]
NOTIC: [2] Missing argument 1 for Think\Controller::show(), called in G:\development\php\chouchouhua\Application\Home\Controller\IndexController.class.php on line 26 and defined G:\development\php\chouchouhua\ThinkPHP\Library\Think\Controller.class.php 第 68 行.
NOTIC: [8] Undefined variable: content G:\development\php\chouchouhua\ThinkPHP\Library\Think\Controller.class.php 第 69 行.
INFO: [ view_parse ] --START--
INFO: [ template_filter ] --START--
INFO: Run Behavior\ContentReplaceBehavior [ RunTime:0.000162s ]
INFO: [ template_filter ] --END-- [ RunTime:0.000224s ]
INFO: Run Behavior\ParseTemplateBehavior [ RunTime:0.006149s ]
INFO: [ view_parse ] --END-- [ RunTime:0.006213s ]
INFO: [ view_filter ] --START--
INFO: Run Behavior\WriteHtmlCacheBehavior [ RunTime:0.000083s ]
INFO: [ view_filter ] --END-- [ RunTime:0.000127s ]
INFO: [ app_end ] --START--
INFO: Run Behavior\ShowPageTraceBehavior [ RunTime:0.000078s ]
INFO: [ app_end ] --END-- [ RunTime:0.000125s ]

[ 2015-03-12T10:43:04+08:00 ] 127.0.0.1 /chouchouhua/index.php/Home/Index/index
INFO: [ app_init ] --START--
INFO: Run Behavior\BuildLiteBehavior [ RunTime:0.000015s ]
INFO: [ app_init ] --END-- [ RunTime:0.000156s ]
INFO: [ app_begin ] --START--
INFO: Run Behavior\ReadHtmlCacheBehavior [ RunTime:0.000127s ]
INFO: [ app_begin ] --END-- [ RunTime:0.000184s ]
SQL: SHOW COLUMNS FROM `chouchouhua_user` [ RunTime:0.002024s ]
SQL: SHOW COLUMNS FROM `chouchouhua_pic` [ RunTime:0.002050s ]
SQL: SHOW COLUMNS FROM `chouchouhua_piccomment` [ RunTime:0.002408s ]
NOTIC: [2] Missing argument 1 for Think\Controller::show(), called in G:\development\php\chouchouhua\Application\Home\Controller\IndexController.class.php on line 26 and defined G:\development\php\chouchouhua\ThinkPHP\Library\Think\Controller.class.php 第 68 行.
NOTIC: [8] Undefined variable: content G:\development\php\chouchouhua\ThinkPHP\Library\Think\Controller.class.php 第 69 行.
INFO: [ view_parse ] --START--
INFO: [ template_filter ] --START--
INFO: Run Behavior\ContentReplaceBehavior [ RunTime:0.000135s ]
INFO: [ template_filter ] --END-- [ RunTime:0.000207s ]
INFO: Run Behavior\ParseTemplateBehavior [ RunTime:0.006660s ]
INFO: [ view_parse ] --END-- [ RunTime:0.006724s ]
INFO: [ view_filter ] --START--
INFO: Run Behavior\WriteHtmlCacheBehavior [ RunTime:0.000134s ]
INFO: [ view_filter ] --END-- [ RunTime:0.000178s ]
INFO: [ app_end ] --START--
INFO: Run Behavior\ShowPageTraceBehavior [ RunTime:0.000122s ]
INFO: [ app_end ] --END-- [ RunTime:0.000168s ]

[ 2015-03-12T10:43:11+08:00 ] 127.0.0.1 /chouchouhua/index.php/Home/Index/index
INFO: [ app_init ] --START--
INFO: Run Behavior\BuildLiteBehavior [ RunTime:0.000015s ]
INFO: [ app_init ] --END-- [ RunTime:0.000127s ]
INFO: [ app_begin ] --START--
INFO: Run Behavior\ReadHtmlCacheBehavior [ RunTime:0.000083s ]
INFO: [ app_begin ] --END-- [ RunTime:0.000131s ]
SQL: SHOW COLUMNS FROM `chouchouhua_user` [ RunTime:0.001988s ]
SQL: SHOW COLUMNS FROM `chouchouhua_pic` [ RunTime:0.001669s ]
SQL: SHOW COLUMNS FROM `chouchouhua_piccomment` [ RunTime:0.001688s ]
NOTIC: [2] Missing argument 1 for Think\Controller::show(), called in G:\development\php\chouchouhua\Application\Home\Controller\IndexController.class.php on line 26 and defined G:\development\php\chouchouhua\ThinkPHP\Library\Think\Controller.class.php 第 68 行.
NOTIC: [8] Undefined variable: content G:\development\php\chouchouhua\ThinkPHP\Library\Think\Controller.class.php 第 69 行.
INFO: [ view_parse ] --START--
INFO: [ template_filter ] --START--
INFO: Run Behavior\ContentReplaceBehavior [ RunTime:0.000136s ]
INFO: [ template_filter ] --END-- [ RunTime:0.000205s ]
INFO: Run Behavior\ParseTemplateBehavior [ RunTime:0.005865s ]
INFO: [ view_parse ] --END-- [ RunTime:0.005929s ]
INFO: [ view_filter ] --START--
INFO: Run Behavior\WriteHtmlCacheBehavior [ RunTime:0.000092s ]
INFO: [ view_filter ] --END-- [ RunTime:0.000200s ]
INFO: [ app_end ] --START--
INFO: Run Behavior\ShowPageTraceBehavior [ RunTime:0.000079s ]
INFO: [ app_end ] --END-- [ RunTime:0.000125s ]

[ 2015-03-12T10:44:36+08:00 ] 127.0.0.1 /chouchouhua/index.php/Home/Index/index
INFO: [ app_init ] --START--
INFO: Run Behavior\BuildLiteBehavior [ RunTime:0.000014s ]
INFO: [ app_init ] --END-- [ RunTime:0.000112s ]
INFO: [ app_begin ] --START--
INFO: Run Behavior\ReadHtmlCacheBehavior [ RunTime:0.000075s ]
INFO: [ app_begin ] --END-- [ RunTime:0.000122s ]
SQL: SHOW COLUMNS FROM `chouchouhua_user` [ RunTime:0.003238s ]
SQL: SHOW COLUMNS FROM `chouchouhua_pic` [ RunTime:0.001923s ]
SQL: SHOW COLUMNS FROM `chouchouhua_piccomment` [ RunTime:0.001598s ]
NOTIC: [2] Missing argument 1 for Think\Controller::show(), called in G:\development\php\chouchouhua\Application\Home\Controller\IndexController.class.php on line 26 and defined G:\development\php\chouchouhua\ThinkPHP\Library\Think\Controller.class.php 第 68 行.
NOTIC: [8] Undefined variable: content G:\development\php\chouchouhua\ThinkPHP\Library\Think\Controller.class.php 第 69 行.
INFO: [ view_parse ] --START--
INFO: [ template_filter ] --START--
INFO: Run Behavior\ContentReplaceBehavior [ RunTime:0.000144s ]
INFO: [ template_filter ] --END-- [ RunTime:0.000210s ]
INFO: Run Behavior\ParseTemplateBehavior [ RunTime:0.006105s ]
INFO: [ view_parse ] --END-- [ RunTime:0.006170s ]
INFO: [ view_filter ] --START--
INFO: Run Behavior\WriteHtmlCacheBehavior [ RunTime:0.000081s ]
INFO: [ view_filter ] --END-- [ RunTime:0.000124s ]
INFO: [ app_end ] --START--
INFO: Run Behavior\ShowPageTraceBehavior [ RunTime:0.000079s ]
INFO: [ app_end ] --END-- [ RunTime:0.000124s ]

[ 2015-03-12T10:49:07+08:00 ] 127.0.0.1 /chouchouhua/index.php/Home/Index/index
INFO: [ app_init ] --START--
INFO: Run Behavior\BuildLiteBehavior [ RunTime:0.000014s ]
INFO: [ app_init ] --END-- [ RunTime:0.000158s ]
INFO: [ app_begin ] --START--
INFO: Run Behavior\ReadHtmlCacheBehavior [ RunTime:0.000115s ]
INFO: [ app_begin ] --END-- [ RunTime:0.000165s ]
SQL: SHOW COLUMNS FROM `chouchouhua_user` [ RunTime:0.002454s ]
SQL: SHOW COLUMNS FROM `chouchouhua_pic` [ RunTime:0.002180s ]
SQL: SHOW COLUMNS FROM `chouchouhua_piccomment` [ RunTime:0.002237s ]
NOTIC: [2] Missing argument 1 for Think\Controller::show(), called in G:\development\php\chouchouhua\Application\Home\Controller\IndexController.class.php on line 26 and defined G:\development\php\chouchouhua\ThinkPHP\Library\Think\Controller.class.php 第 68 行.
NOTIC: [8] Undefined variable: content G:\development\php\chouchouhua\ThinkPHP\Library\Think\Controller.class.php 第 69 行.
INFO: [ view_parse ] --START--
INFO: [ template_filter ] --START--
INFO: Run Behavior\ContentReplaceBehavior [ RunTime:0.000132s ]
INFO: [ template_filter ] --END-- [ RunTime:0.000204s ]
INFO: Run Behavior\ParseTemplateBehavior [ RunTime:0.006872s ]
INFO: [ view_parse ] --END-- [ RunTime:0.006974s ]
INFO: [ view_filter ] --START--
INFO: Run Behavior\WriteHtmlCacheBehavior [ RunTime:0.000164s ]
INFO: [ view_filter ] --END-- [ RunTime:0.000219s ]
INFO: [ app_end ] --START--
INFO: Run Behavior\ShowPageTraceBehavior [ RunTime:0.000124s ]
INFO: [ app_end ] --END-- [ RunTime:0.000171s ]

[ 2015-03-12T10:50:13+08:00 ] 127.0.0.1 /chouchouhua/index.php/Home/Index/index
INFO: [ app_init ] --START--
INFO: Run Behavior\BuildLiteBehavior [ RunTime:0.000016s ]
INFO: [ app_init ] --END-- [ RunTime:0.000164s ]
INFO: [ app_begin ] --START--
INFO: Run Behavior\ReadHtmlCacheBehavior [ RunTime:0.000121s ]
INFO: [ app_begin ] --END-- [ RunTime:0.000170s ]
SQL: SHOW COLUMNS FROM `chouchouhua_user` [ RunTime:0.002174s ]
SQL: SHOW COLUMNS FROM `chouchouhua_pic` [ RunTime:0.001803s ]
SQL: SHOW COLUMNS FROM `chouchouhua_piccomment` [ RunTime:0.001772s ]
NOTIC: [2] Missing argument 1 for Think\Controller::show(), called in G:\development\php\chouchouhua\Application\Home\Controller\IndexController.class.php on line 26 and defined G:\development\php\chouchouhua\ThinkPHP\Library\Think\Controller.class.php 第 68 行.
NOTIC: [8] Undefined variable: content G:\development\php\chouchouhua\ThinkPHP\Library\Think\Controller.class.php 第 69 行.
INFO: [ view_parse ] --START--
INFO: [ template_filter ] --START--
INFO: Run Behavior\ContentReplaceBehavior [ RunTime:0.000133s ]
INFO: [ template_filter ] --END-- [ RunTime:0.000202s ]
INFO: Run Behavior\ParseTemplateBehavior [ RunTime:0.006862s ]
INFO: [ view_parse ] --END-- [ RunTime:0.006930s ]
INFO: [ view_filter ] --START--
INFO: Run Behavior\WriteHtmlCacheBehavior [ RunTime:0.000140s ]
INFO: [ view_filter ] --END-- [ RunTime:0.000183s ]
INFO: [ app_end ] --START--
INFO: Run Behavior\ShowPageTraceBehavior [ RunTime:0.000120s ]
INFO: [ app_end ] --END-- [ RunTime:0.000166s ]

[ 2015-03-12T10:54:38+08:00 ] 127.0.0.1 /chouchouhua/index.php/Home/Index/index
INFO: [ app_init ] --START--
INFO: Run Behavior\BuildLiteBehavior [ RunTime:0.000013s ]
INFO: [ app_init ] --END-- [ RunTime:0.000151s ]
INFO: [ app_begin ] --START--
INFO: Run Behavior\ReadHtmlCacheBehavior [ RunTime:0.000112s ]
INFO: [ app_begin ] --END-- [ RunTime:0.000162s ]
SQL: SHOW COLUMNS FROM `chouchouhua_user` [ RunTime:0.002200s ]
SQL: SHOW COLUMNS FROM `chouchouhua_pic` [ RunTime:0.002082s ]
SQL: SHOW COLUMNS FROM `chouchouhua_piccomment` [ RunTime:0.001962s ]
NOTIC: [2] Missing argument 1 for Think\Controller::show(), called in G:\development\php\chouchouhua\Application\Home\Controller\IndexController.class.php on line 26 and defined G:\development\php\chouchouhua\ThinkPHP\Library\Think\Controller.class.php 第 68 行.
NOTIC: [8] Undefined variable: content G:\development\php\chouchouhua\ThinkPHP\Library\Think\Controller.class.php 第 69 行.
INFO: [ view_parse ] --START--
INFO: [ template_filter ] --START--
INFO: Run Behavior\ContentReplaceBehavior [ RunTime:0.000128s ]
INFO: [ template_filter ] --END-- [ RunTime:0.000186s ]
INFO: Run Behavior\ParseTemplateBehavior [ RunTime:0.006889s ]
INFO: [ view_parse ] --END-- [ RunTime:0.006953s ]
INFO: [ view_filter ] --START--
INFO: Run Behavior\WriteHtmlCacheBehavior [ RunTime:0.000133s ]
INFO: [ view_filter ] --END-- [ RunTime:0.000177s ]
INFO: [ app_end ] --START--
INFO: Run Behavior\ShowPageTraceBehavior [ RunTime:0.000122s ]
INFO: [ app_end ] --END-- [ RunTime:0.000172s ]

[ 2015-03-12T10:57:01+08:00 ] 127.0.0.1 /chouchouhua/index.php/Home/Index/index
INFO: [ app_init ] --START--
INFO: Run Behavior\BuildLiteBehavior [ RunTime:0.000014s ]
INFO: [ app_init ] --END-- [ RunTime:0.000151s ]
INFO: [ app_begin ] --START--
INFO: Run Behavior\ReadHtmlCacheBehavior [ RunTime:0.000125s ]
INFO: [ app_begin ] --END-- [ RunTime:0.000179s ]
SQL: SHOW COLUMNS FROM `chouchouhua_user` [ RunTime:0.002162s ]
SQL: SHOW COLUMNS FROM `chouchouhua_pic` [ RunTime:0.001866s ]
SQL: SHOW COLUMNS FROM `chouchouhua_piccomment` [ RunTime:0.001933s ]
NOTIC: [2] Missing argument 1 for Think\Controller::show(), called in G:\development\php\chouchouhua\Application\Home\Controller\IndexController.class.php on line 26 and defined G:\development\php\chouchouhua\ThinkPHP\Library\Think\Controller.class.php 第 68 行.
NOTIC: [8] Undefined variable: content G:\development\php\chouchouhua\ThinkPHP\Library\Think\Controller.class.php 第 69 行.
INFO: [ view_parse ] --START--
INFO: [ template_filter ] --START--
INFO: Run Behavior\ContentReplaceBehavior [ RunTime:0.000129s ]
INFO: [ template_filter ] --END-- [ RunTime:0.000187s ]
INFO: Run Behavior\ParseTemplateBehavior [ RunTime:0.006520s ]
INFO: [ view_parse ] --END-- [ RunTime:0.006600s ]
INFO: [ view_filter ] --START--
INFO: Run Behavior\WriteHtmlCacheBehavior [ RunTime:0.000184s ]
INFO: [ view_filter ] --END-- [ RunTime:0.000230s ]
INFO: [ app_end ] --START--
INFO: Run Behavior\ShowPageTraceBehavior [ RunTime:0.000124s ]
INFO: [ app_end ] --END-- [ RunTime:0.000171s ]

[ 2015-03-12T10:57:08+08:00 ] 127.0.0.1 /chouchouhua/index.php/Home/Index/index
INFO: [ app_init ] --START--
INFO: Run Behavior\BuildLiteBehavior [ RunTime:0.000016s ]
INFO: [ app_init ] --END-- [ RunTime:0.000164s ]
INFO: [ app_begin ] --START--
INFO: Run Behavior\ReadHtmlCacheBehavior [ RunTime:0.000127s ]
INFO: [ app_begin ] --END-- [ RunTime:0.000181s ]
SQL: SHOW COLUMNS FROM `chouchouhua_user` [ RunTime:0.002067s ]
SQL: SHOW COLUMNS FROM `chouchouhua_pic` [ RunTime:0.002510s ]
SQL: SHOW COLUMNS FROM `chouchouhua_piccomment` [ RunTime:0.002027s ]
NOTIC: [2] Missing argument 1 for Think\Controller::show(), called in G:\development\php\chouchouhua\Application\Home\Controller\IndexController.class.php on line 26 and defined G:\development\php\chouchouhua\ThinkPHP\Library\Think\Controller.class.php 第 68 行.
NOTIC: [8] Undefined variable: content G:\development\php\chouchouhua\ThinkPHP\Library\Think\Controller.class.php 第 69 行.
INFO: [ view_parse ] --START--
INFO: [ template_filter ] --START--
INFO: Run Behavior\ContentReplaceBehavior [ RunTime:0.000131s ]
INFO: [ template_filter ] --END-- [ RunTime:0.000202s ]
INFO: Run Behavior\ParseTemplateBehavior [ RunTime:0.006483s ]
INFO: [ view_parse ] --END-- [ RunTime:0.006548s ]
INFO: [ view_filter ] --START--
INFO: Run Behavior\WriteHtmlCacheBehavior [ RunTime:0.000134s ]
INFO: [ view_filter ] --END-- [ RunTime:0.000178s ]
INFO: [ app_end ] --START--
INFO: Run Behavior\ShowPageTraceBehavior [ RunTime:0.000121s ]
INFO: [ app_end ] --END-- [ RunTime:0.000167s ]

[ 2015-03-12T10:57:55+08:00 ] 127.0.0.1 /chouchouhua/index.php/Home/Index/index
INFO: [ app_init ] --START--
INFO: Run Behavior\BuildLiteBehavior [ RunTime:0.000014s ]
INFO: [ app_init ] --END-- [ RunTime:0.000113s ]
INFO: [ app_begin ] --START--
INFO: Run Behavior\ReadHtmlCacheBehavior [ RunTime:0.000075s ]
INFO: [ app_begin ] --END-- [ RunTime:0.000123s ]
SQL: SHOW COLUMNS FROM `chouchouhua_user` [ RunTime:0.001990s ]
SQL: SHOW COLUMNS FROM `chouchouhua_pic` [ RunTime:0.002022s ]
SQL: SHOW COLUMNS FROM `chouchouhua_piccomment` [ RunTime:0.001916s ]
NOTIC: [2] Missing argument 1 for Think\Controller::show(), called in G:\development\php\chouchouhua\Application\Home\Controller\IndexController.class.php on line 26 and defined G:\development\php\chouchouhua\ThinkPHP\Library\Think\Controller.class.php 第 68 行.
NOTIC: [8] Undefined variable: content G:\development\php\chouchouhua\ThinkPHP\Library\Think\Controller.class.php 第 69 行.
INFO: [ view_parse ] --START--
INFO: [ template_filter ] --START--
INFO: Run Behavior\ContentReplaceBehavior [ RunTime:0.000129s ]
INFO: [ template_filter ] --END-- [ RunTime:0.000191s ]
INFO: Run Behavior\ParseTemplateBehavior [ RunTime:0.006077s ]
INFO: [ view_parse ] --END-- [ RunTime:0.006163s ]
INFO: [ view_filter ] --START--
INFO: Run Behavior\WriteHtmlCacheBehavior [ RunTime:0.000125s ]
INFO: [ view_filter ] --END-- [ RunTime:0.000177s ]
INFO: [ app_end ] --START--
INFO: Run Behavior\ShowPageTraceBehavior [ RunTime:0.000134s ]
INFO: [ app_end ] --END-- [ RunTime:0.000202s ]

[ 2015-03-12T11:01:37+08:00 ] 127.0.0.1 /chouchouhua/index.php/Home/Index/index
INFO: [ app_init ] --START--
INFO: Run Behavior\BuildLiteBehavior [ RunTime:0.000015s ]
INFO: [ app_init ] --END-- [ RunTime:0.000154s ]
INFO: [ app_begin ] --START--
INFO: Run Behavior\ReadHtmlCacheBehavior [ RunTime:0.000120s ]
INFO: [ app_begin ] --END-- [ RunTime:0.000171s ]
SQL: SHOW COLUMNS FROM `chouchouhua_user` [ RunTime:0.001985s ]
SQL: SHOW COLUMNS FROM `chouchouhua_pic` [ RunTime:0.001837s ]
SQL: SHOW COLUMNS FROM `chouchouhua_piccomment` [ RunTime:0.001769s ]
NOTIC: [2] Missing argument 1 for Think\Controller::show(), called in G:\development\php\chouchouhua\Application\Home\Controller\IndexController.class.php on line 26 and defined G:\development\php\chouchouhua\ThinkPHP\Library\Think\Controller.class.php 第 68 行.
NOTIC: [8] Undefined variable: content G:\development\php\chouchouhua\ThinkPHP\Library\Think\Controller.class.php 第 69 行.
INFO: [ view_parse ] --START--
INFO: [ template_filter ] --START--
INFO: Run Behavior\ContentReplaceBehavior [ RunTime:0.000129s ]
INFO: [ template_filter ] --END-- [ RunTime:0.000187s ]
INFO: Run Behavior\ParseTemplateBehavior [ RunTime:0.006341s ]
INFO: [ view_parse ] --END-- [ RunTime:0.006403s ]
INFO: [ view_filter ] --START--
INFO: Run Behavior\WriteHtmlCacheBehavior [ RunTime:0.000127s ]
INFO: [ view_filter ] --END-- [ RunTime:0.000171s ]
INFO: [ app_end ] --START--
INFO: Run Behavior\ShowPageTraceBehavior [ RunTime:0.000120s ]
INFO: [ app_end ] --END-- [ RunTime:0.000166s ]

[ 2015-03-12T11:02:26+08:00 ] 127.0.0.1 /chouchouhua/index.php/Home/Index/index
INFO: [ app_init ] --START--
INFO: Run Behavior\BuildLiteBehavior [ RunTime:0.000015s ]
INFO: [ app_init ] --END-- [ RunTime:0.000151s ]
INFO: [ app_begin ] --START--
INFO: Run Behavior\ReadHtmlCacheBehavior [ RunTime:0.000119s ]
INFO: [ app_begin ] --END-- [ RunTime:0.000171s ]
SQL: SHOW COLUMNS FROM `chouchouhua_user` [ RunTime:0.002203s ]
SQL: SHOW COLUMNS FROM `chouchouhua_pic` [ RunTime:0.001845s ]
SQL: SHOW COLUMNS FROM `chouchouhua_piccomment` [ RunTime:0.001604s ]
NOTIC: [2] Missing argument 1 for Think\Controller::show(), called in G:\development\php\chouchouhua\Application\Home\Controller\IndexController.class.php on line 26 and defined G:\development\php\chouchouhua\ThinkPHP\Library\Think\Controller.class.php 第 68 行.
NOTIC: [8] Undefined variable: content G:\development\php\chouchouhua\ThinkPHP\Library\Think\Controller.class.php 第 69 行.
INFO: [ view_parse ] --START--
INFO: [ template_filter ] --START--
INFO: Run Behavior\ContentReplaceBehavior [ RunTime:0.000133s ]
INFO: [ template_filter ] --END-- [ RunTime:0.000206s ]
INFO: Run Behavior\ParseTemplateBehavior [ RunTime:0.006839s ]
INFO: [ view_parse ] --END-- [ RunTime:0.006910s ]
INFO: [ view_filter ] --START--
INFO: Run Behavior\WriteHtmlCacheBehavior [ RunTime:0.000144s ]
INFO: [ view_filter ] --END-- [ RunTime:0.000190s ]
INFO: [ app_end ] --START--
INFO: Run Behavior\ShowPageTraceBehavior [ RunTime:0.000123s ]
INFO: [ app_end ] --END-- [ RunTime:0.000169s ]

[ 2015-03-12T11:03:08+08:00 ] 127.0.0.1 /chouchouhua/index.php/Home/Index/index
INFO: [ app_init ] --START--
INFO: Run Behavior\BuildLiteBehavior [ RunTime:0.000014s ]
INFO: [ app_init ] --END-- [ RunTime:0.000112s ]
INFO: [ app_begin ] --START--
INFO: Run Behavior\ReadHtmlCacheBehavior [ RunTime:0.000075s ]
INFO: [ app_begin ] --END-- [ RunTime:0.000123s ]
SQL: SHOW COLUMNS FROM `chouchouhua_user` [ RunTime:0.001964s ]
SQL: SHOW COLUMNS FROM `chouchouhua_pic` [ RunTime:0.001680s ]
SQL: SHOW COLUMNS FROM `chouchouhua_piccomment` [ RunTime:0.001727s ]
NOTIC: [2] Missing argument 1 for Think\Controller::show(), called in G:\development\php\chouchouhua\Application\Home\Controller\IndexController.class.php on line 26 and defined G:\development\php\chouchouhua\ThinkPHP\Library\Think\Controller.class.php 第 68 行.
NOTIC: [8] Undefined variable: content G:\development\php\chouchouhua\ThinkPHP\Library\Think\Controller.class.php 第 69 行.
INFO: [ view_parse ] --START--
INFO: [ template_filter ] --START--
INFO: Run Behavior\ContentReplaceBehavior [ RunTime:0.000134s ]
INFO: [ template_filter ] --END-- [ RunTime:0.000236s ]
INFO: Run Behavior\ParseTemplateBehavior [ RunTime:0.006595s ]
INFO: [ view_parse ] --END-- [ RunTime:0.006670s ]
INFO: [ view_filter ] --START--
INFO: Run Behavior\WriteHtmlCacheBehavior [ RunTime:0.000094s ]
INFO: [ view_filter ] --END-- [ RunTime:0.000137s ]
INFO: [ app_end ] --START--
INFO: Run Behavior\ShowPageTraceBehavior [ RunTime:0.000082s ]
INFO: [ app_end ] --END-- [ RunTime:0.000127s ]

[ 2015-03-12T11:03:43+08:00 ] 127.0.0.1 /chouchouhua/index.php/Home/Index/index
INFO: [ app_init ] --START--
INFO: Run Behavior\BuildLiteBehavior [ RunTime:0.000013s ]
INFO: [ app_init ] --END-- [ RunTime:0.000113s ]
INFO: [ app_begin ] --START--
INFO: Run Behavior\ReadHtmlCacheBehavior [ RunTime:0.000075s ]
INFO: [ app_begin ] --END-- [ RunTime:0.000123s ]
SQL: SHOW COLUMNS FROM `chouchouhua_user` [ RunTime:0.002151s ]
SQL: SHOW COLUMNS FROM `chouchouhua_pic` [ RunTime:0.002091s ]
SQL: SHOW COLUMNS FROM `chouchouhua_piccomment` [ RunTime:0.002422s ]
NOTIC: [2] Missing argument 1 for Think\Controller::show(), called in G:\development\php\chouchouhua\Application\Home\Controller\IndexController.class.php on line 26 and defined G:\development\php\chouchouhua\ThinkPHP\Library\Think\Controller.class.php 第 68 行.
NOTIC: [8] Undefined variable: content G:\development\php\chouchouhua\ThinkPHP\Library\Think\Controller.class.php 第 69 行.
INFO: [ view_parse ] --START--
INFO: [ template_filter ] --START--
INFO: Run Behavior\ContentReplaceBehavior [ RunTime:0.000128s ]
INFO: [ template_filter ] --END-- [ RunTime:0.000224s ]
INFO: Run Behavior\ParseTemplateBehavior [ RunTime:0.006174s ]
INFO: [ view_parse ] --END-- [ RunTime:0.006247s ]
INFO: [ view_filter ] --START--
INFO: Run Behavior\WriteHtmlCacheBehavior [ RunTime:0.000092s ]
INFO: [ view_filter ] --END-- [ RunTime:0.000137s ]
INFO: [ app_end ] --START--
INFO: Run Behavior\ShowPageTraceBehavior [ RunTime:0.000100s ]
INFO: [ app_end ] --END-- [ RunTime:0.000156s ]

[ 2015-03-12T11:15:20+08:00 ] 127.0.0.1 /chouchouhua/index.php/Home/Index/index
INFO: [ app_init ] --START--
INFO: Run Behavior\BuildLiteBehavior [ RunTime:0.000015s ]
INFO: [ app_init ] --END-- [ RunTime:0.000152s ]
INFO: [ app_begin ] --START--
INFO: Run Behavior\ReadHtmlCacheBehavior [ RunTime:0.000128s ]
INFO: [ app_begin ] --END-- [ RunTime:0.000184s ]
SQL: SHOW COLUMNS FROM `chouchouhua_user` [ RunTime:0.001981s ]
SQL: SHOW COLUMNS FROM `chouchouhua_pic` [ RunTime:0.001691s ]
SQL: SHOW COLUMNS FROM `chouchouhua_piccomment` [ RunTime:0.001860s ]
NOTIC: [2] Missing argument 1 for Think\Controller::show(), called in G:\development\php\chouchouhua\Application\Home\Controller\IndexController.class.php on line 26 and defined G:\development\php\chouchouhua\ThinkPHP\Library\Think\Controller.class.php 第 68 行.
NOTIC: [8] Undefined variable: content G:\development\php\chouchouhua\ThinkPHP\Library\Think\Controller.class.php 第 69 行.
INFO: [ view_parse ] --START--
INFO: [ template_filter ] --START--
INFO: Run Behavior\ContentReplaceBehavior [ RunTime:0.000131s ]
INFO: [ template_filter ] --END-- [ RunTime:0.000195s ]
INFO: Run Behavior\ParseTemplateBehavior [ RunTime:0.006961s ]
INFO: [ view_parse ] --END-- [ RunTime:0.007044s ]
INFO: [ view_filter ] --START--
INFO: Run Behavior\WriteHtmlCacheBehavior [ RunTime:0.000155s ]
INFO: [ view_filter ] --END-- [ RunTime:0.000200s ]
INFO: [ app_end ] --START--
INFO: Run Behavior\ShowPageTraceBehavior [ RunTime:0.000169s ]
INFO: [ app_end ] --END-- [ RunTime:0.000218s ]

