[ 2015-01-27T16:18:33+08:00 ] 127.0.0.1 /chouchouhua/index.php/home/index/login
INFO: [ app_init ] --START--
INFO: Run Behavior\BuildLiteBehavior [ RunTime:0.000015s ]
INFO: [ app_init ] --END-- [ RunTime:0.001112s ]
INFO: [ app_begin ] --START--
INFO: Run Behavior\ReadHtmlCacheBehavior [ RunTime:0.000935s ]
INFO: [ app_begin ] --END-- [ RunTime:0.000996s ]
SQL: SHOW COLUMNS FROM `chouchouhua_user` [ RunTime:0.073326s ]
SQL: SHOW COLUMNS FROM `chouchouhua_pic` [ RunTime:0.005219s ]
SQL: SHOW COLUMNS FROM `chouchouhua_piccomment` [ RunTime:0.004769s ]
SQL: SELECT * FROM `chouchouhua_user`  [ RunTime:0.001102s ]
INFO: [ app_end ] --START--
INFO: Run Behavior\ShowPageTraceBehavior [ RunTime:0.002197s ]
INFO: [ app_end ] --END-- [ RunTime:0.002304s ]

[ 2015-01-27T16:18:50+08:00 ] 127.0.0.1 /chouchouhua/index.php/home/index/login
INFO: [ app_init ] --START--
INFO: Run Behavior\BuildLiteBehavior [ RunTime:0.000023s ]
INFO: [ app_init ] --END-- [ RunTime:0.000344s ]
INFO: [ app_begin ] --START--
INFO: Run Behavior\ReadHtmlCacheBehavior [ RunTime:0.000212s ]
INFO: [ app_begin ] --END-- [ RunTime:0.000309s ]
SQL: SHOW COLUMNS FROM `chouchouhua_user` [ RunTime:0.001993s ]
SQL: SHOW COLUMNS FROM `chouchouhua_pic` [ RunTime:0.002167s ]
SQL: SHOW COLUMNS FROM `chouchouhua_piccomment` [ RunTime:0.002141s ]
SQL: SELECT * FROM `chouchouhua_user`  [ RunTime:0.000337s ]
INFO: [ view_parse ] --START--
INFO: [ template_filter ] --START--
INFO: Run Behavior\ContentReplaceBehavior [ RunTime:0.000080s ]
INFO: [ template_filter ] --END-- [ RunTime:0.000205s ]
INFO: Run Behavior\ParseTemplateBehavior [ RunTime:0.028615s ]
INFO: [ view_parse ] --END-- [ RunTime:0.028683s ]
INFO: [ view_filter ] --START--
INFO: Run Behavior\WriteHtmlCacheBehavior [ RunTime:0.000331s ]
INFO: [ view_filter ] --END-- [ RunTime:0.000379s ]
INFO: [ app_end ] --START--
INFO: Run Behavior\ShowPageTraceBehavior [ RunTime:0.000131s ]
INFO: [ app_end ] --END-- [ RunTime:0.000177s ]

[ 2015-01-27T16:18:50+08:00 ] 127.0.0.1 /chouchouhua/index.php/home/index/static/js/common.js
INFO: [ app_init ] --START--
INFO: Run Behavior\BuildLiteBehavior [ RunTime:0.000020s ]
INFO: [ app_init ] --END-- [ RunTime:0.000136s ]
INFO: [ app_begin ] --START--
INFO: Run Behavior\ReadHtmlCacheBehavior [ RunTime:0.000089s ]
INFO: [ app_begin ] --END-- [ RunTime:0.000148s ]
SQL: SHOW COLUMNS FROM `chouchouhua_user` [ RunTime:0.002414s ]
SQL: SHOW COLUMNS FROM `chouchouhua_pic` [ RunTime:0.002526s ]
SQL: SHOW COLUMNS FROM `chouchouhua_piccomment` [ RunTime:0.002792s ]
ERR: 非法操作:static

