[ 2015-03-17T16:27:44+08:00 ] 127.0.0.1 /chouchouhua/index.php/Home/Index/login.html
INFO: [ app_init ] --START--
INFO: Run Behavior\BuildLiteBehavior [ RunTime:0.000025s ]
INFO: [ app_init ] --END-- [ RunTime:0.018617s ]
INFO: [ app_begin ] --START--
INFO: Run Behavior\ReadHtmlCacheBehavior [ RunTime:0.011050s ]
INFO: [ app_begin ] --END-- [ RunTime:0.011162s ]
SQL: SHOW COLUMNS FROM `chouchouhua_user` [ RunTime:0.044124s ]
SQL: SHOW COLUMNS FROM `chouchouhua_pic` [ RunTime:0.003822s ]
SQL: SHOW COLUMNS FROM `chouchouhua_piccomment` [ RunTime:0.003938s ]
INFO: [ view_parse ] --START--
INFO: [ template_filter ] --START--
INFO: Run Behavior\ContentReplaceBehavior [ RunTime:0.000087s ]
INFO: [ template_filter ] --END-- [ RunTime:0.000195s ]
INFO: Run Behavior\ParseTemplateBehavior [ RunTime:0.178028s ]
INFO: [ view_parse ] --END-- [ RunTime:0.178113s ]
INFO: [ view_filter ] --START--
INFO: Run Behavior\WriteHtmlCacheBehavior [ RunTime:0.019771s ]
INFO: [ view_filter ] --END-- [ RunTime:0.020445s ]
INFO: [ app_end ] --START--
INFO: Run Behavior\ShowPageTraceBehavior [ RunTime:0.025023s ]
INFO: [ app_end ] --END-- [ RunTime:0.025143s ]

